<?xml version="1.0" encoding="UTF-8"?>
<robot generator="Robot 6.0.2 (Python 3.11.2 on win32)" generated="20230220 02:41:56.254" rpa="false" schemaversion="3">
<suite id="s1" name="Form Test" source="D:\React Project\Robot\robot-framework-beta-testing-main\form_test.robot">
<test id="s1-t1" name="DemoQA Form Testing" line="5">
<kw name="Open Browser" library="SeleniumLibrary">
<arg>https://web.facebook.com/signup</arg>
<arg>Chrome</arg>
<doc>Opens a new browser instance to the optional ``url``.</doc>
<msg timestamp="20230220 02:41:56.453" level="INFO">Opening browser 'Chrome' to base url 'https://web.facebook.com/signup'.</msg>
<status status="PASS" starttime="20230220 02:41:56.453" endtime="20230220 02:42:00.083"/>
</kw>
<kw name="Input Text" library="SeleniumLibrary">
<arg>name=firstname</arg>
<arg>Jason</arg>
<doc>Types the given ``text`` into the text field identified by ``locator``.</doc>
<msg timestamp="20230220 02:42:00.085" level="INFO">Typing text 'Jason' into text field 'name=firstname'.</msg>
<status status="PASS" starttime="20230220 02:42:00.083" endtime="20230220 02:42:00.161"/>
</kw>
<kw name="Input Text" library="SeleniumLibrary">
<arg>name=lastname</arg>
<arg>Hirawan</arg>
<doc>Types the given ``text`` into the text field identified by ``locator``.</doc>
<msg timestamp="20230220 02:42:00.162" level="INFO">Typing text 'Hirawan' into text field 'name=lastname'.</msg>
<status status="PASS" starttime="20230220 02:42:00.161" endtime="20230220 02:42:00.231"/>
</kw>
<kw name="Input Text" library="SeleniumLibrary">
<arg>name=reg_email__</arg>
<arg>testing@gmail.com</arg>
<doc>Types the given ``text`` into the text field identified by ``locator``.</doc>
<msg timestamp="20230220 02:42:00.232" level="INFO">Typing text 'testing@gmail.com' into text field 'name=reg_email__'.</msg>
<status status="PASS" starttime="20230220 02:42:00.231" endtime="20230220 02:42:00.321"/>
</kw>
<kw name="Select From List By Value" library="SeleniumLibrary">
<arg>birthday_day</arg>
<arg>30</arg>
<doc>Selects options from selection list ``locator`` by ``values``.</doc>
<msg timestamp="20230220 02:42:00.322" level="INFO">Selecting options from selection list 'birthday_day' by value 30.</msg>
<status status="PASS" starttime="20230220 02:42:00.322" endtime="20230220 02:42:00.386"/>
</kw>
<kw name="Radio Button Should Not Be Selected" library="SeleniumLibrary">
<arg>sex</arg>
<doc>Verifies radio button group ``group_name`` has no selection.</doc>
<msg timestamp="20230220 02:42:00.387" level="INFO">Verifying radio button 'sex' has no selection.</msg>
<status status="PASS" starttime="20230220 02:42:00.387" endtime="20230220 02:42:00.417"/>
</kw>
<kw name="Select Radio Button" library="SeleniumLibrary">
<arg>sex</arg>
<arg>1</arg>
<doc>Sets the radio button group ``group_name`` to ``value``.</doc>
<msg timestamp="20230220 02:42:00.418" level="INFO">Selecting '1' from radio button 'sex'.</msg>
<status status="PASS" starttime="20230220 02:42:00.418" endtime="20230220 02:42:00.485"/>
</kw>
<kw name="Close Browser" library="SeleniumLibrary">
<doc>Closes the current browser.</doc>
<status status="PASS" starttime="20230220 02:42:00.486" endtime="20230220 02:42:02.588"/>
</kw>
<status status="PASS" starttime="20230220 02:41:56.452" endtime="20230220 02:42:02.589"/>
</test>
<status status="PASS" starttime="20230220 02:41:56.258" endtime="20230220 02:42:02.590"/>
</suite>
<statistics>
<total>
<stat pass="1" fail="0" skip="0">All Tests</stat>
</total>
<tag>
</tag>
<suite>
<stat pass="1" fail="0" skip="0" id="s1" name="Form Test">Form Test</stat>
</suite>
</statistics>
<errors>
</errors>
</robot>
